{
  "RSpec": {
    "coverage": {
      "/Users/timjones/Projects/TechTests/Gilded_Rose_Ruby/spec/gilded_rose_spec.rb": [
        1,
        null,
        1,
        null,
        1,
        1,
        1,
        1,
        1,
        null,
        null,
        null,
        1,
        1,
        1,
        1,
        1,
        null,
        null,
        null,
        1,
        1,
        1,
        1,
        1,
        null,
        null,
        null,
        1,
        1,
        1,
        1,
        1,
        null,
        null,
        null,
        1,
        1,
        1,
        1,
        1,
        null,
        null,
        null,
        1,
        1,
        1,
        1,
        1,
        null,
        null,
        null,
        1,
        1,
        1,
        1,
        1,
        null,
        null,
        null,
        null
      ],
      "/Users/timjones/Projects/TechTests/Gilded_Rose_Ruby/gilded_rose.rb": [
        1,
        null,
        1,
        7,
        null,
        null,
        1,
        7,
        7,
        5,
        3,
        1,
        null,
        null,
        null,
        2,
        1,
        1,
        0,
        0,
        0,
        null,
        null,
        0,
        0,
        0,
        null,
        null,
        null,
        null,
        null,
        7,
        5,
        null,
        7,
        4,
        4,
        4,
        3,
        1,
        null,
        null,
        null,
        0,
        null,
        null,
        0,
        0,
        null,
        null,
        null,
        null,
        null,
        null,
        null,
        1,
        1,
        null,
        1,
        7,
        7,
        7,
        null,
        null,
        1,
        0,
        null,
        null
      ]
    },
    "timestamp": 1511873389
  }
}
